2024-07-02 09:58:55:5855 - [32minfo[39m - [32mPromise { <pending> }[39m
2024-07-02 09:59:11:5911 - [32minfo[39m - [32mPromise { <pending> }[39m
2024-07-02 09:59:46:5946 - [32minfo[39m - [32mConectado ao banco de dados![39m
2024-07-02 10:00:17:017 - [32minfo[39m - [32mConectado ao banco de dados![39m
2024-07-02 10:09:59:959 - [32minfo[39m - [32mConectado ao banco de dados![39m
2024-07-02 10:10:00:100 - [35mhttp[39m - [35mmethod /api/ 200 27 - 1.997 ms[39m
[35m[39m
2024-07-02 10:24:38:2438 - [32minfo[39m - [32mConectado ao banco de dados![39m
2024-07-02 10:25:18:2518 - [35mhttp[39m - [35mmethod /api/ - - - - ms[39m
[35m[39m
2024-07-02 10:25:51:2551 - [32minfo[39m - [32mConectado ao banco de dados![39m
2024-07-02 10:26:01:261 - [32minfo[39m - [32mConectado ao banco de dados![39m
2024-07-02 10:26:08:268 - [35mhttp[39m - [35mmethod /api/ 201 40 - 9.605 ms[39m
[35m[39m
2024-07-02 10:26:56:2656 - [32minfo[39m - [32mConectado ao banco de dados![39m
2024-07-02 10:27:22:2722 - [32minfo[39m - [32mConectado ao banco de dados![39m
2024-07-02 10:29:38:2938 - [32minfo[39m - [32mConectado ao banco de dados![39m
2024-07-02 10:30:17:3017 - [32minfo[39m - [32mConectado ao banco de dados![39m
2024-07-02 10:30:47:3047 - [32minfo[39m - [32mConectado ao banco de dados![39m
2024-07-02 10:35:16:3516 - [32minfo[39m - [32mConectado ao banco de dados![39m
2024-07-02 10:38:07:387 - [32minfo[39m - [32mConectado ao banco de dados![39m
2024-07-02 10:43:33:4333 - [32minfo[39m - [32mConectado ao banco de dados![39m
2024-07-02 10:47:38:4738 - [35mhttp[39m - [35mmethod /api/movie/create 201 40 - 22.315 ms[39m
[35m[39m
2024-07-02 10:49:10:4910 - [32minfo[39m - [32mConectado ao banco de dados![39m
2024-07-02 10:49:13:4913 - [35mhttp[39m - [35mmethod /api/movie/create 201 40 - 27.436 ms[39m
[35m[39m
2024-07-02 10:49:47:4947 - [35mhttp[39m - [35mmethod /api/movie/create 201 40 - 3.423 ms[39m
[35m[39m
2024-07-02 10:51:21:5121 - [32minfo[39m - [32mConectado ao banco de dados![39m
2024-07-02 10:51:25:5125 - [35mhttp[39m - [35mmethod /api/movie/create 201 131 - 121.147 ms[39m
[35m[39m
2024-07-03 21:02:01:21 - [31merror[39m - [31mErro no banco de dados: MongooseServerSelectionError: Could not connect to any servers in your MongoDB Atlas cluster. One common reason is that you're trying to access the database from an IP that isn't whitelisted. Make sure your current IP address is on your Atlas cluster's IP whitelist: https://www.mongodb.com/docs/atlas/security-whitelist/[39m
2024-07-03 21:05:18:518 - [32minfo[39m - [32mConectado ao banco de dados![39m
2024-07-03 21:07:55:755 - [35mhttp[39m - [35mmethod /api/movie/create 201 234 - 96.149 ms[39m
[35m[39m
2024-07-03 21:08:35:835 - [35mhttp[39m - [35mmethod /api/movie/create 201 265 - 70.643 ms[39m
[35m[39m
2024-07-03 21:12:41:1241 - [32minfo[39m - [32mConectado ao banco de dados![39m
2024-07-03 21:13:05:135 - [32minfo[39m - [32mConectado ao banco de dados![39m
2024-07-03 21:14:26:1426 - [32minfo[39m - [32mConectado ao banco de dados![39m
2024-07-03 21:15:11:1511 - [35mhttp[39m - [35mmethod /api/movie/ 200 267 - 90.696 ms[39m
[35m[39m
2024-07-03 21:19:17:1917 - [35mhttp[39m - [35mmethod /api/movie/ 200 267 - 76.382 ms[39m
[35m[39m
2024-07-03 21:19:47:1947 - [32minfo[39m - [32mConectado ao banco de dados![39m
2024-07-03 21:19:51:1951 - [35mhttp[39m - [35mmethod /api/movie/ 200 234 - 163.075 ms[39m
[35m[39m
2024-07-03 21:20:11:2011 - [32minfo[39m - [32mConectado ao banco de dados![39m
2024-07-03 21:20:11:2011 - [35mhttp[39m - [35mmethod /api/movie/ 200 267 - 946.130 ms[39m
[35m[39m
2024-07-03 21:21:35:2135 - [32minfo[39m - [32mConectado ao banco de dados![39m
2024-07-03 21:21:44:2144 - [32minfo[39m - [32mConectado ao banco de dados![39m
2024-07-03 21:22:32:2232 - [32minfo[39m - [32mConectado ao banco de dados![39m
2024-07-03 21:22:47:2247 - [32minfo[39m - [32mConectado ao banco de dados![39m
2024-07-03 21:23:11:2311 - [32minfo[39m - [32mConectado ao banco de dados![39m
2024-07-03 21:23:57:2357 - [32minfo[39m - [32mConectado ao banco de dados![39m
2024-07-03 21:25:02:252 - [32minfo[39m - [32mConectado ao banco de dados![39m
2024-07-03 21:25:23:2523 - [35mhttp[39m - [35mmethod /api/movie/create 201 265 - 97.287 ms[39m
[35m[39m
2024-07-03 21:25:27:2527 - [35mhttp[39m - [35mmethod /api/movie/ 200 267 - 101.380 ms[39m
[35m[39m
2024-07-03 21:26:22:2622 - [32minfo[39m - [32mConectado ao banco de dados![39m
2024-07-03 21:26:54:2654 - [35mhttp[39m - [35mmethod /api/movie/6685ebf35ab9ae90d4c5c86f 500 26 - 5.507 ms[39m
[35m[39m
2024-07-03 21:27:31:2731 - [32minfo[39m - [32mConectado ao banco de dados![39m
2024-07-03 21:27:35:2735 - [35mhttp[39m - [35mmethod /api/movie/6685ebf35ab9ae90d4c5c86f 500 26 - 3.760 ms[39m
[35m[39m
2024-07-03 21:27:43:2743 - [32minfo[39m - [32mConectado ao banco de dados![39m
2024-07-03 21:27:48:2748 - [32minfo[39m - [32mConectado ao banco de dados![39m
2024-07-03 21:27:52:2752 - [35mhttp[39m - [35mmethod /api/movie/6685ebf35ab9ae90d4c5c86f 500 26 - 16.531 ms[39m
[35m[39m
2024-07-03 21:28:32:2832 - [32minfo[39m - [32mConectado ao banco de dados![39m
2024-07-03 21:28:34:2834 - [35mhttp[39m - [35mmethod /api/movie/6685ebf35ab9ae90d4c5c86f 500 26 - 15.323 ms[39m
[35m[39m
2024-07-03 21:29:10:2910 - [32minfo[39m - [32mConectado ao banco de dados![39m
2024-07-03 21:29:12:2912 - [32minfo[39m - [32mConectado ao banco de dados![39m
2024-07-03 21:29:14:2914 - [35mhttp[39m - [35mmethod /api/movie/6685ebf35ab9ae90d4c5c86f 500 26 - 24.159 ms[39m
[35m[39m
2024-07-03 21:30:59:3059 - [32minfo[39m - [32mConectado ao banco de dados![39m
2024-07-03 21:31:24:3124 - [32minfo[39m - [32mConectado ao banco de dados![39m
2024-07-03 21:31:29:3129 - [35mhttp[39m - [35mmethod /api/movie/6685ebf35ab9ae90d4c5c86f 200 265 - 92.001 ms[39m
[35m[39m
2024-07-03 21:33:25:3325 - [35mhttp[39m - [35mmethod /api/movie/6685ebf35ab9ae90d4c5c86f 200 265 - 83.777 ms[39m
[35m[39m
2024-07-03 21:39:55:3955 - [32minfo[39m - [32mConectado ao banco de dados![39m
2024-07-03 21:40:22:4022 - [32minfo[39m - [32mConectado ao banco de dados![39m
2024-07-03 21:40:36:4036 - [32minfo[39m - [32mConectado ao banco de dados![39m
2024-07-03 21:40:38:4038 - [31mhttp[39m - [31mmethod /api/movie/6685ebf35ab9ae90d4c5c86f 200 265 - 132.939 ms[39m
[31m[39m
2024-07-03 21:40:51:4051 - [32minfo[39m - [32mConectado ao banco de dados![39m
2024-07-03 21:40:52:4052 - [35mhttp[39m - [35mmethod /api/movie/6685ebf35ab9ae90d4c5c86f 200 265 - 89.727 ms[39m
[35m[39m
2024-07-03 21:41:01:411 - [32minfo[39m - [32mConectado ao banco de dados![39m
2024-07-03 21:41:04:414 - [37mhttp[39m - [37mmethod /api/movie/6685ebf35ab9ae90d4c5c86f 200 265 - 100.231 ms[39m
[37m[39m
2024-07-03 21:41:20:4120 - [32minfo[39m - [32mConectado ao banco de dados![39m
2024-07-03 21:41:22:4122 - [90mhttp[39m - [90mmethod /api/movie/6685ebf35ab9ae90d4c5c86f 200 265 - 81.885 ms[39m
[90m[39m
2024-07-03 21:42:34:4234 - [32minfo[39m - [32mConectado ao banco de dados![39m
2024-07-03 21:42:42:4242 - [32minfo[39m - [32mConectado ao banco de dados![39m
2024-07-03 21:55:43:5543 - [32minfo[39m - [32mConectado ao banco de dados![39m
2024-07-03 21:56:21:5621 - [90mhttp[39m - [90mmethod /api/movie/create - - - - ms[39m
[90m[39m
2024-07-03 21:56:42:5642 - [90mhttp[39m - [90mmethod /api/movie/create - - - - ms[39m
[90m[39m
2024-07-03 21:57:15:5715 - [32minfo[39m - [32mConectado ao banco de dados![39m
2024-07-03 21:57:18:5718 - [90mhttp[39m - [90mmethod /api/movie/create 422 56 - 6.039 ms[39m
[90m[39m
2024-07-03 22:00:21:021 - [32minfo[39m - [32mConectado ao banco de dados![39m
2024-07-03 22:01:04:14 - [32minfo[39m - [32mConectado ao banco de dados![39m
2024-07-03 22:01:09:19 - [90mhttp[39m - [90mmethod /api/movie/6685ebf35ab9ae90d4c5c86f 200 265 - 93.364 ms[39m
[90m[39m
2024-07-03 22:01:12:112 - [90mhttp[39m - [90mmethod /api/movie/6685ebf35ab9ae90dc5c86f 500 26 - 2.761 ms[39m
[90m[39m
2024-07-03 22:01:46:146 - [32minfo[39m - [32mConectado ao banco de dados![39m
2024-07-03 22:01:50:150 - [90mhttp[39m - [90mmethod /api/movie/6685ebf35ab9ae90dc5c86f 500 26 - 18.473 ms[39m
[90m[39m
2024-07-03 22:01:58:158 - [90mhttp[39m - [90mmethod /api/movie/6685ebf35ab9ae90dc5c86f 500 26 - 2.123 ms[39m
[90m[39m
2024-07-03 22:02:08:28 - [32minfo[39m - [32mConectado ao banco de dados![39m
2024-07-03 22:02:09:29 - [90mhttp[39m - [90mmethod /api/movie/6685ebf35ab9ae90dc5c86f 500 26 - 6.093 ms[39m
[90m[39m
2024-07-03 22:02:13:213 - [90mhttp[39m - [90mmethod /api/movie/ 200 267 - 84.555 ms[39m
[90m[39m
2024-07-03 22:02:19:219 - [90mhttp[39m - [90mmethod /api/movie/6685ebf35ab9ae90d4c5c86f 500 31 - 304.827 ms[39m
[90m[39m
2024-07-03 22:02:46:246 - [32minfo[39m - [32mConectado ao banco de dados![39m
2024-07-03 22:02:49:249 - [90mhttp[39m - [90mmethod /api/movie/6685ebf35ab9ae90d4c5c86f 200 265 - 87.656 ms[39m
[90m[39m
2024-07-03 22:02:58:258 - [90mhttp[39m - [90mmethod /api/movie/6685ebf35ab9ae90d4c5c86 500 26 - 2.705 ms[39m
[90m[39m
2024-07-03 22:03:17:317 - [32minfo[39m - [32mConectado ao banco de dados![39m
2024-07-03 22:03:44:344 - [32minfo[39m - [32mConectado ao banco de dados![39m
2024-07-03 22:03:45:345 - [90mhttp[39m - [90mmethod /api/movie/6685ebf35ab9ae90d4c5c86 500 26 - 76.012 ms[39m
[90m[39m
2024-07-03 22:04:53:453 - [32minfo[39m - [32mConectado ao banco de dados![39m
2024-07-03 22:04:58:458 - [90mhttp[39m - [90mmethod /api/movie/6685ebf35ab9ae90d4c5c86 404 31 - 5.609 ms[39m
[90m[39m
2024-07-03 22:05:08:58 - [32minfo[39m - [32mConectado ao banco de dados![39m
2024-07-03 22:05:12:512 - [90mhttp[39m - [90mmethod /api/movie/6685ebf35ab9ae90d4c5c86 404 31 - 3.277 ms[39m
[90m[39m
2024-07-03 22:07:44:744 - [32minfo[39m - [32mConectado ao banco de dados![39m
2024-07-03 22:08:16:816 - [32minfo[39m - [32mConectado ao banco de dados![39m
2024-07-03 22:09:42:942 - [32minfo[39m - [32mConectado ao banco de dados![39m
2024-07-03 22:09:45:945 - [90mhttp[39m - [90mmethod /api/movie/6685ebf35ab9ae90d4c5c86 404 31 - 3.332 ms[39m
[90m[39m
2024-07-03 22:10:07:107 - [32minfo[39m - [32mConectado ao banco de dados![39m
2024-07-03 22:10:10:1010 - [90mhttp[39m - [90mmethod /api/movie/6685ebf35ab9ae90d4c5c86 404 31 - 4.833 ms[39m
[90m[39m
2024-07-03 22:10:47:1047 - [32minfo[39m - [32mConectado ao banco de dados![39m
2024-07-03 22:11:44:1144 - [32minfo[39m - [32mConectado ao banco de dados![39m
2024-07-03 22:12:04:124 - [32minfo[39m - [32mConectado ao banco de dados![39m
2024-07-03 22:13:20:1320 - [32minfo[39m - [32mConectado ao banco de dados![39m
2024-07-03 22:14:05:145 - [32minfo[39m - [32mConectado ao banco de dados![39m
2024-07-03 22:16:11:1611 - [90mhttp[39m - [90mmethod /api/movie/create 422 56 - 6.000 ms[39m
[90m[39m
2024-07-03 22:17:33:1733 - [90mhttp[39m - [90mmethod /api/movie/create 201 666 - 114.548 ms[39m
[90m[39m
2024-07-03 22:36:29:3629 - [32minfo[39m - [32mConectado ao banco de dados![39m
2024-07-03 22:36:47:3647 - [90mhttp[39m - [90mmethod /api/movie/ 200 934 - 96.844 ms[39m
[90m[39m
2024-07-03 22:37:26:3726 - [90mhttp[39m - [90mmethod /api/movie/delete/6685ebf35ab9ae90d4c5c86f - - - - ms[39m
[90m[39m
2024-07-03 22:37:37:3737 - [32minfo[39m - [32mConectado ao banco de dados![39m
2024-07-03 22:37:41:3741 - [90mhttp[39m - [90mmethod /api/movie/ 200 668 - 87.626 ms[39m
[90m[39m
2024-07-03 22:37:49:3749 - [90mhttp[39m - [90mmethod /api/movie/6685f82d87a14a859d5c8826 200 666 - 67.921 ms[39m
[90m[39m
2024-07-03 22:37:54:3754 - [90mhttp[39m - [90mmethod /api/movie/6685f82d87a14a859d5c8826 200 666 - 67.480 ms[39m
[90m[39m
2024-07-03 22:38:02:382 - [90mhttp[39m - [90mmethod /api/movie/ 200 668 - 66.342 ms[39m
[90m[39m
2024-07-03 22:38:11:3811 - [90mhttp[39m - [90mmethod /api/movie/delete/6685f82d87a14a859d5c8826 200 36 - 149.421 ms[39m
[90m[39m
2024-07-03 22:38:15:3815 - [90mhttp[39m - [90mmethod /api/movie/ 200 2 - 66.311 ms[39m
[90m[39m
2024-07-03 22:38:20:3820 - [90mhttp[39m - [90mmethod /api/movie/create 201 666 - 91.208 ms[39m
[90m[39m
2024-07-03 22:40:22:4022 - [32minfo[39m - [32mConectado ao banco de dados![39m
2024-07-03 22:40:53:4053 - [32minfo[39m - [32mConectado ao banco de dados![39m
2024-07-03 22:41:23:4123 - [32minfo[39m - [32mConectado ao banco de dados![39m
2024-07-03 22:42:26:4226 - [32minfo[39m - [32mConectado ao banco de dados![39m
2024-07-03 22:42:50:4250 - [32minfo[39m - [32mConectado ao banco de dados![39m
2024-07-03 22:43:10:4310 - [32minfo[39m - [32mConectado ao banco de dados![39m
2024-07-03 22:43:45:4345 - [32minfo[39m - [32mConectado ao banco de dados![39m
2024-07-03 22:44:41:4441 - [90mhttp[39m - [90mmethod /api/movie/ 200 668 - 120.861 ms[39m
[90m[39m
2024-07-03 22:44:49:4449 - [90mhttp[39m - [90mmethod /api/update/6685fd0cea83b8714221cfa2 404 174 - 0.914 ms[39m
[90m[39m
2024-07-03 22:45:15:4515 - [32minfo[39m - [32mConectado ao banco de dados![39m
2024-07-03 22:45:17:4517 - [90mhttp[39m - [90mmethod /api/update/6685fd0cea83b8714221cfa2 404 174 - 1.331 ms[39m
[90m[39m
2024-07-03 22:45:58:4558 - [32minfo[39m - [32mConectado ao banco de dados![39m
2024-07-03 22:47:23:4723 - [32minfo[39m - [32mConectado ao banco de dados![39m
2024-07-03 22:47:32:4732 - [32minfo[39m - [32mConectado ao banco de dados![39m
2024-07-03 22:49:20:4920 - [32minfo[39m - [32mConectado ao banco de dados![39m
2024-07-03 22:49:21:4921 - [90mhttp[39m - [90mmethod /api/movie/6685fd0cea83b8714221cfa2 200 666 - 99.567 ms[39m
[90m[39m
2024-07-03 22:49:33:4933 - [32minfo[39m - [32mConectado ao banco de dados![39m
2024-07-03 22:50:34:5034 - [32minfo[39m - [32mConectado ao banco de dados![39m
2024-07-03 22:50:42:5042 - [90mhttp[39m - [90mmethod /api/movie/update/6685fd0cea83b8714221cfa2 500 26 - 9.595 ms[39m
[90m[39m
2024-07-03 22:51:09:519 - [90mhttp[39m - [90mmethod /api/movie/ 200 668 - 80.515 ms[39m
[90m[39m
2024-07-03 22:51:32:5132 - [32minfo[39m - [32mConectado ao banco de dados![39m
2024-07-03 22:51:39:5139 - [90mhttp[39m - [90mmethod /api/movie/update/6685fd0cea83b8714221cfa2 200 666 - 99.610 ms[39m
[90m[39m
2024-07-03 22:51:44:5144 - [90mhttp[39m - [90mmethod /api/movie/update/6685fd0cea83b8714221cfa2 200 665 - 74.241 ms[39m
[90m[39m
2024-07-03 22:51:57:5157 - [90mhttp[39m - [90mmethod /api/movie/update/6685fd0cea83b8714221cfa2 200 665 - 74.870 ms[39m
[90m[39m
2024-07-03 22:52:02:522 - [90mhttp[39m - [90mmethod /api/movie/ 200 667 - 63.457 ms[39m
[90m[39m
2024-07-03 22:52:34:5234 - [32minfo[39m - [32mConectado ao banco de dados![39m
2024-07-03 22:52:37:5237 - [90mhttp[39m - [90mmethod /api/movie/update/6685fd0cea83b8714221cfa2 200 38 - 94.667 ms[39m
[90m[39m
2024-07-03 22:53:09:539 - [90mhttp[39m - [90mmethod /api/movie/create 201 666 - 88.494 ms[39m
[90m[39m
2024-07-03 22:53:16:5316 - [90mhttp[39m - [90mmethod /api/movie/create 422 58 - 1.611 ms[39m
[90m[39m
2024-07-03 22:53:22:5322 - [90mhttp[39m - [90mmethod /api/movie/update/6685fd0cea83b8714221cfa2 200 38 - 72.888 ms[39m
[90m[39m
2024-07-03 22:53:26:5326 - [90mhttp[39m - [90mmethod /api/movie/ 200 1334 - 88.821 ms[39m
[90m[39m
2024-07-03 22:53:37:5337 - [90mhttp[39m - [90mmethod /api/movie/update/6685fd0cea83b8714221cfa2 200 38 - 71.251 ms[39m
[90m[39m
2024-07-03 22:53:47:5347 - [32minfo[39m - [32mConectado ao banco de dados![39m
2024-07-03 22:53:49:5349 - [90mhttp[39m - [90mmethod /api/movie/update/6685fd0cea83b8714221cfa2 422 58 - 14.038 ms[39m
[90m[39m
2024-07-03 22:53:53:5353 - [90mhttp[39m - [90mmethod /api/movie/update/6685fd0cea83b8714221cfa2 200 38 - 101.713 ms[39m
[90m[39m
2024-07-03 22:53:56:5356 - [90mhttp[39m - [90mmethod /api/movie/ 200 1334 - 90.882 ms[39m
[90m[39m
2024-07-03 22:54:04:544 - [90mhttp[39m - [90mmethod /api/movie/delete/66860085c53022decf6fccb3 200 36 - 139.983 ms[39m
[90m[39m
2024-07-03 22:56:11:5611 - [90mhttp[39m - [90mmethod /api/movie/update/66860085c53022decf6fccb3 404 31 - 68.120 ms[39m
[90m[39m
